<?xml version="1.0" encoding="UTF-8"?>
<!-- Generated by org.testng.reporters.JUnitReportReporter -->
<testsuite hostname="DESKTOP-M5BRBN2" failures="0" tests="7" name="pojoPackageSerialization.GetQuoteApiPojo" time="17.623" errors="0" timestamp="2023-08-28T16:21:54 IST" skipped="0">
  <testcase classname="pojoPackageSerialization.GetQuoteApiPojo" name="getQuoteApiPojo" time="2.135"/>
  <system-out/>
  <testcase classname="pojoPackageSerialization.GetQuoteApiPojo" name="getQuoteApiPojo" time="4.925"/>
  <system-out/>
  <testcase classname="pojoPackageSerialization.GetQuoteApiPojo" name="getQuoteApiPojo" time="1.579"/>
  <system-out/>
  <testcase classname="pojoPackageSerialization.GetQuoteApiPojo" name="getQuoteApiPojo" time="1.887"/>
  <system-out/>
  <testcase classname="pojoPackageSerialization.GetQuoteApiPojo" name="getQuoteApiPojo" time="2.604"/>
  <system-out/>
  <testcase classname="pojoPackageSerialization.GetQuoteApiPojo" name="getQuoteApiPojo" time="1.833"/>
  <system-out/>
  <testcase classname="pojoPackageSerialization.GetQuoteApiPojo" name="getQuoteApiPojo" time="2.660"/>
  <system-out/>
</testsuite> <!-- pojoPackageSerialization.GetQuoteApiPojo -->
