<?xml version="1.0" encoding="UTF-8"?>
<!-- Generated by org.testng.reporters.JUnitReportReporter -->
<testsuite hostname="DESKTOP-M5BRBN2" failures="0" tests="5" name="Insuranceleadcreation.GetQUoteAPI" time="19.590" errors="0" timestamp="2023-08-28T16:21:20 IST" skipped="0">
  <testcase classname="Insuranceleadcreation.GetQUoteAPI" name="GetQuoteAPI1" time="3.084"/>
  <system-out/>
  <testcase classname="Insuranceleadcreation.GetQUoteAPI" name="GetQuoteAPI1" time="5.470"/>
  <system-out/>
  <testcase classname="Insuranceleadcreation.GetQUoteAPI" name="GetQuoteAPI1" time="5.645"/>
  <system-out/>
  <testcase classname="Insuranceleadcreation.GetQUoteAPI" name="GetQuoteAPI1" time="3.353"/>
  <system-out/>
  <testcase classname="Insuranceleadcreation.GetQUoteAPI" name="GetQuoteAPI1" time="2.038"/>
  <system-out/>
</testsuite> <!-- Insuranceleadcreation.GetQUoteAPI -->
